<?xml version="1.0" encoding="UTF-8"?>
<!-- Generated by org.testng.reporters.JUnitXMLReporter -->
<testsuite ignored="0" hostname="DESKTOP-P4HI28R" failures="0" tests="4" name="Default test" time="14.961" errors="0" timestamp="2024-02-06T07:33:44 IST">
  <testcase classname="dataDrivenPractice.DataDriven" name="page" time="7.91"/>
  <testcase classname="dataDrivenPractice.DataDriven" name="page" time="0.838"/>
  <testcase classname="dataDrivenPractice.DataDriven" name="page" time="0.811"/>
  <testcase classname="dataDrivenPractice.DataDriven" name="page" time="0.785"/>
</testsuite> <!-- Default test -->
