<?xml version="1.0" encoding="UTF-8"?>
<testng-results ignored="0" total="4" passed="4" failed="0" skipped="0">
  <reporter-output>
  </reporter-output>
  <suite started-at="2024-02-06T07:33:29 IST" name="Default suite" finished-at="2024-02-06T07:33:44 IST" duration-ms="14961">
    <groups>
    </groups>
    <test started-at="2024-02-06T07:33:29 IST" name="Default test" finished-at="2024-02-06T07:33:44 IST" duration-ms="14961">
      <class name="dataDrivenPractice.DataDriven">
        <test-method is-config="true" signature="openBrowser()[pri:0, instance:dataDrivenPractice.DataDriven@1ff4931d]" started-at="2024-02-06T07:33:29 IST" name="openBrowser" finished-at="2024-02-06T07:33:34 IST" duration-ms="4364" status="PASS">
          <reporter-output>
          </reporter-output>
        </test-method> <!-- openBrowser -->
        <test-method signature="page(java.lang.String,java.lang.String,java.lang.String)[pri:0, instance:dataDrivenPractice.DataDriven@1ff4931d]" started-at="2024-02-06T07:33:34 IST" name="page" data-provider="login" finished-at="2024-02-06T07:33:42 IST" duration-ms="7910" status="PASS">
          <params>
            <param index="0">
              <value>
                <![CDATA[admin@yourstore.com]]>
              </value>
            </param>
            <param index="1">
              <value>
                <![CDATA[admin]]>
              </value>
            </param>
            <param index="2">
              <value>
                <![CDATA[Valid]]>
              </value>
            </param>
          </params>
          <reporter-output>
          </reporter-output>
        </test-method> <!-- page -->
        <test-method signature="page(java.lang.String,java.lang.String,java.lang.String)[pri:0, instance:dataDrivenPractice.DataDriven@1ff4931d]" started-at="2024-02-06T07:33:42 IST" name="page" data-provider="login" finished-at="2024-02-06T07:33:42 IST" duration-ms="838" status="PASS">
          <params>
            <param index="0">
              <value>
                <![CDATA[admin@yourstore.com]]>
              </value>
            </param>
            <param index="1">
              <value>
                <![CDATA[adm]]>
              </value>
            </param>
            <param index="2">
              <value>
                <![CDATA[Invalid]]>
              </value>
            </param>
          </params>
          <reporter-output>
          </reporter-output>
        </test-method> <!-- page -->
        <test-method signature="page(java.lang.String,java.lang.String,java.lang.String)[pri:0, instance:dataDrivenPractice.DataDriven@1ff4931d]" started-at="2024-02-06T07:33:42 IST" name="page" data-provider="login" finished-at="2024-02-06T07:33:43 IST" duration-ms="811" status="PASS">
          <params>
            <param index="0">
              <value>
                <![CDATA[adm@yourstore.com]]>
              </value>
            </param>
            <param index="1">
              <value>
                <![CDATA[admin]]>
              </value>
            </param>
            <param index="2">
              <value>
                <![CDATA[Invalid]]>
              </value>
            </param>
          </params>
          <reporter-output>
          </reporter-output>
        </test-method> <!-- page -->
        <test-method signature="page(java.lang.String,java.lang.String,java.lang.String)[pri:0, instance:dataDrivenPractice.DataDriven@1ff4931d]" started-at="2024-02-06T07:33:43 IST" name="page" data-provider="login" finished-at="2024-02-06T07:33:44 IST" duration-ms="785" status="PASS">
          <params>
            <param index="0">
              <value>
                <![CDATA[adm@yourstore.com]]>
              </value>
            </param>
            <param index="1">
              <value>
                <![CDATA[adm]]>
              </value>
            </param>
            <param index="2">
              <value>
                <![CDATA[Invalid]]>
              </value>
            </param>
          </params>
          <reporter-output>
          </reporter-output>
        </test-method> <!-- page -->
        <test-method is-config="true" signature="close()[pri:0, instance:dataDrivenPractice.DataDriven@1ff4931d]" started-at="2024-02-06T07:33:44 IST" name="close" finished-at="2024-02-06T07:33:44 IST" duration-ms="198" status="PASS">
          <reporter-output>
          </reporter-output>
        </test-method> <!-- close -->
      </class> <!-- dataDrivenPractice.DataDriven -->
    </test> <!-- Default test -->
  </suite> <!-- Default suite -->
</testng-results>
